2026-03-21 09:45:47,671 - telegram - ERROR - start error: Cannot connect to host 127.0.0.1:11450 ssl:default [Connect call failed ('127.0.0.1', 11450)]
2026-03-21 10:23:44,633 - telegram - ERROR - hunt mode select error: Cannot connect to host 127.0.0.1:11450 ssl:default [Connect call failed ('127.0.0.1', 11450)]
2026-03-21 11:09:12,005 - telegram - ERROR - hunt callback error: Telegram server says - Flood control exceeded on method 'SendMessage' in chat -1003757376633. Retry in 33 seconds.
Original description: Too Many Requests: retry after 33
(background on this error at: https://core.telegram.org/bots/faq#my-bot-is-hitting-limits-how-do-i-avoid-this)
2026-03-21 11:09:12,572 - adapters.aiogram.legacy_bridge - ERROR - legacy_callback_bridge_failed error=TelegramRetryAfter
Traceback (most recent call last):
  File "/root/xiuxian_bot/adapters/telegram/bot.py", line 2785, in _safe_edit
    await query.edit_message_text(text, reply_markup=reply_markup, parse_mode=parse_mode)
  File "/root/xiuxian_bot/adapters/aiogram/legacy_bridge.py", line 165, in edit_message_text
    edited = await self._raw.message.edit_text(text=text, **payload)
             ^^^^^^^^^^^^^^^^^^^^^^^^^^^^^^^^^^^^^^^^^^^^^^^^^^^^^^^
  File "/root/xiuxian_bot/.venv/lib/python3.13/site-packages/aiogram/methods/base.py", line 82, in emit
    return await bot(self)
           ^^^^^^^^^^^^^^^
  File "/root/xiuxian_bot/.venv/lib/python3.13/site-packages/aiogram/client/bot.py", line 488, in __call__
    return await self.session(self, method, timeout=request_timeout)
           ^^^^^^^^^^^^^^^^^^^^^^^^^^^^^^^^^^^^^^^^^^^^^^^^^^^^^^^^^
  File "/root/xiuxian_bot/.venv/lib/python3.13/site-packages/aiogram/client/session/base.py", line 259, in __call__
    return cast(TelegramType, await middleware(bot, method))
                              ^^^^^^^^^^^^^^^^^^^^^^^^^^^^^
  File "/root/xiuxian_bot/.venv/lib/python3.13/site-packages/aiogram/client/session/aiohttp.py", line 177, in make_request
    response = self.check_response(
        bot=bot,
    ...<2 lines>...
        content=raw_result,
    )
  File "/root/xiuxian_bot/.venv/lib/python3.13/site-packages/aiogram/client/session/base.py", line 109, in check_response
    raise TelegramRetryAfter(
    ...<3 lines>...
    )
aiogram.exceptions.TelegramRetryAfter: Telegram server says - Flood control exceeded on method 'EditMessageText' in chat -1003757376633. Retry in 33 seconds.
Original description: Too Many Requests: retry after 33
(background on this error at: https://core.telegram.org/bots/faq#my-bot-is-hitting-limits-how-do-i-avoid-this)

During handling of the above exception, another exception occurred:

Traceback (most recent call last):
  File "/root/xiuxian_bot/adapters/telegram/bot.py", line 2790, in _safe_edit
    await query.edit_message_text(text, reply_markup=reply_markup)
  File "/root/xiuxian_bot/adapters/aiogram/legacy_bridge.py", line 165, in edit_message_text
    edited = await self._raw.message.edit_text(text=text, **payload)
             ^^^^^^^^^^^^^^^^^^^^^^^^^^^^^^^^^^^^^^^^^^^^^^^^^^^^^^^
  File "/root/xiuxian_bot/.venv/lib/python3.13/site-packages/aiogram/methods/base.py", line 82, in emit
    return await bot(self)
           ^^^^^^^^^^^^^^^
  File "/root/xiuxian_bot/.venv/lib/python3.13/site-packages/aiogram/client/bot.py", line 488, in __call__
    return await self.session(self, method, timeout=request_timeout)
           ^^^^^^^^^^^^^^^^^^^^^^^^^^^^^^^^^^^^^^^^^^^^^^^^^^^^^^^^^
  File "/root/xiuxian_bot/.venv/lib/python3.13/site-packages/aiogram/client/session/base.py", line 259, in __call__
    return cast(TelegramType, await middleware(bot, method))
                              ^^^^^^^^^^^^^^^^^^^^^^^^^^^^^
  File "/root/xiuxian_bot/.venv/lib/python3.13/site-packages/aiogram/client/session/aiohttp.py", line 177, in make_request
    response = self.check_response(
        bot=bot,
    ...<2 lines>...
        content=raw_result,
    )
  File "/root/xiuxian_bot/.venv/lib/python3.13/site-packages/aiogram/client/session/base.py", line 109, in check_response
    raise TelegramRetryAfter(
    ...<3 lines>...
    )
aiogram.exceptions.TelegramRetryAfter: Telegram server says - Flood control exceeded on method 'EditMessageText' in chat -1003757376633. Retry in 33 seconds.
Original description: Too Many Requests: retry after 33
(background on this error at: https://core.telegram.org/bots/faq#my-bot-is-hitting-limits-how-do-i-avoid-this)

During handling of the above exception, another exception occurred:

Traceback (most recent call last):
  File "/root/xiuxian_bot/adapters/telegram/bot.py", line 2798, in _safe_edit
    sent = await query.message.reply_text(text, reply_markup=reply_markup, parse_mode=parse_mode)
           ^^^^^^^^^^^^^^^^^^^^^^^^^^^^^^^^^^^^^^^^^^^^^^^^^^^^^^^^^^^^^^^^^^^^^^^^^^^^^^^^^^^^^^
  File "/root/xiuxian_bot/adapters/aiogram/legacy_bridge.py", line 114, in reply_text
    sent = await self._bot.send_message(chat_id=self.chat_id, text=text, **payload)
           ^^^^^^^^^^^^^^^^^^^^^^^^^^^^^^^^^^^^^^^^^^^^^^^^^^^^^^^^^^^^^^^^^^^^^^^^
  File "/root/xiuxian_bot/.venv/lib/python3.13/site-packages/aiogram/client/bot.py", line 2923, in send_message
    return await self(call, request_timeout=request_timeout)
           ^^^^^^^^^^^^^^^^^^^^^^^^^^^^^^^^^^^^^^^^^^^^^^^^^
  File "/root/xiuxian_bot/.venv/lib/python3.13/site-packages/aiogram/client/bot.py", line 488, in __call__
    return await self.session(self, method, timeout=request_timeout)
           ^^^^^^^^^^^^^^^^^^^^^^^^^^^^^^^^^^^^^^^^^^^^^^^^^^^^^^^^^
  File "/root/xiuxian_bot/.venv/lib/python3.13/site-packages/aiogram/client/session/base.py", line 259, in __call__
    return cast(TelegramType, await middleware(bot, method))
                              ^^^^^^^^^^^^^^^^^^^^^^^^^^^^^
  File "/root/xiuxian_bot/.venv/lib/python3.13/site-packages/aiogram/client/session/aiohttp.py", line 177, in make_request
    response = self.check_response(
        bot=bot,
    ...<2 lines>...
        content=raw_result,
    )
  File "/root/xiuxian_bot/.venv/lib/python3.13/site-packages/aiogram/client/session/base.py", line 109, in check_response
    raise TelegramRetryAfter(
    ...<3 lines>...
    )
aiogram.exceptions.TelegramRetryAfter: Telegram server says - Flood control exceeded on method 'SendMessage' in chat -1003757376633. Retry in 33 seconds.
Original description: Too Many Requests: retry after 33
(background on this error at: https://core.telegram.org/bots/faq#my-bot-is-hitting-limits-how-do-i-avoid-this)

During handling of the above exception, another exception occurred:

Traceback (most recent call last):
  File "/root/xiuxian_bot/adapters/telegram/bot.py", line 4150, in callback_handler
    await _safe_edit(
    ...<2 lines>...
    )
  File "/root/xiuxian_bot/adapters/telegram/bot.py", line 2802, in _safe_edit
    sent = await query.message.reply_text(text, reply_markup=reply_markup)
           ^^^^^^^^^^^^^^^^^^^^^^^^^^^^^^^^^^^^^^^^^^^^^^^^^^^^^^^^^^^^^^^
  File "/root/xiuxian_bot/adapters/aiogram/legacy_bridge.py", line 114, in reply_text
    sent = await self._bot.send_message(chat_id=self.chat_id, text=text, **payload)
           ^^^^^^^^^^^^^^^^^^^^^^^^^^^^^^^^^^^^^^^^^^^^^^^^^^^^^^^^^^^^^^^^^^^^^^^^
  File "/root/xiuxian_bot/.venv/lib/python3.13/site-packages/aiogram/client/bot.py", line 2923, in send_message
    return await self(call, request_timeout=request_timeout)
           ^^^^^^^^^^^^^^^^^^^^^^^^^^^^^^^^^^^^^^^^^^^^^^^^^
  File "/root/xiuxian_bot/.venv/lib/python3.13/site-packages/aiogram/client/bot.py", line 488, in __call__
    return await self.session(self, method, timeout=request_timeout)
           ^^^^^^^^^^^^^^^^^^^^^^^^^^^^^^^^^^^^^^^^^^^^^^^^^^^^^^^^^
  File "/root/xiuxian_bot/.venv/lib/python3.13/site-packages/aiogram/client/session/base.py", line 259, in __call__
    return cast(TelegramType, await middleware(bot, method))
                              ^^^^^^^^^^^^^^^^^^^^^^^^^^^^^
  File "/root/xiuxian_bot/.venv/lib/python3.13/site-packages/aiogram/client/session/aiohttp.py", line 177, in make_request
    response = self.check_response(
        bot=bot,
    ...<2 lines>...
        content=raw_result,
    )
  File "/root/xiuxian_bot/.venv/lib/python3.13/site-packages/aiogram/client/session/base.py", line 109, in check_response
    raise TelegramRetryAfter(
    ...<3 lines>...
    )
aiogram.exceptions.TelegramRetryAfter: Telegram server says - Flood control exceeded on method 'SendMessage' in chat -1003757376633. Retry in 33 seconds.
Original description: Too Many Requests: retry after 33
(background on this error at: https://core.telegram.org/bots/faq#my-bot-is-hitting-limits-how-do-i-avoid-this)

During handling of the above exception, another exception occurred:

Traceback (most recent call last):
  File "/root/xiuxian_bot/adapters/telegram/bot.py", line 2785, in _safe_edit
    await query.edit_message_text(text, reply_markup=reply_markup, parse_mode=parse_mode)
  File "/root/xiuxian_bot/adapters/aiogram/legacy_bridge.py", line 165, in edit_message_text
    edited = await self._raw.message.edit_text(text=text, **payload)
             ^^^^^^^^^^^^^^^^^^^^^^^^^^^^^^^^^^^^^^^^^^^^^^^^^^^^^^^
  File "/root/xiuxian_bot/.venv/lib/python3.13/site-packages/aiogram/methods/base.py", line 82, in emit
    return await bot(self)
           ^^^^^^^^^^^^^^^
  File "/root/xiuxian_bot/.venv/lib/python3.13/site-packages/aiogram/client/bot.py", line 488, in __call__
    return await self.session(self, method, timeout=request_timeout)
           ^^^^^^^^^^^^^^^^^^^^^^^^^^^^^^^^^^^^^^^^^^^^^^^^^^^^^^^^^
  File "/root/xiuxian_bot/.venv/lib/python3.13/site-packages/aiogram/client/session/base.py", line 259, in __call__
    return cast(TelegramType, await middleware(bot, method))
                              ^^^^^^^^^^^^^^^^^^^^^^^^^^^^^
  File "/root/xiuxian_bot/.venv/lib/python3.13/site-packages/aiogram/client/session/aiohttp.py", line 177, in make_request
    response = self.check_response(
        bot=bot,
    ...<2 lines>...
        content=raw_result,
    )
  File "/root/xiuxian_bot/.venv/lib/python3.13/site-packages/aiogram/client/session/base.py", line 109, in check_response
    raise TelegramRetryAfter(
    ...<3 lines>...
    )
aiogram.exceptions.TelegramRetryAfter: Telegram server says - Flood control exceeded on method 'EditMessageText' in chat -1003757376633. Retry in 32 seconds.
Original description: Too Many Requests: retry after 32
(background on this error at: https://core.telegram.org/bots/faq#my-bot-is-hitting-limits-how-do-i-avoid-this)

During handling of the above exception, another exception occurred:

Traceback (most recent call last):
  File "/root/xiuxian_bot/adapters/telegram/bot.py", line 2790, in _safe_edit
    await query.edit_message_text(text, reply_markup=reply_markup)
  File "/root/xiuxian_bot/adapters/aiogram/legacy_bridge.py", line 165, in edit_message_text
    edited = await self._raw.message.edit_text(text=text, **payload)
             ^^^^^^^^^^^^^^^^^^^^^^^^^^^^^^^^^^^^^^^^^^^^^^^^^^^^^^^
  File "/root/xiuxian_bot/.venv/lib/python3.13/site-packages/aiogram/methods/base.py", line 82, in emit
    return await bot(self)
           ^^^^^^^^^^^^^^^
  File "/root/xiuxian_bot/.venv/lib/python3.13/site-packages/aiogram/client/bot.py", line 488, in __call__
    return await self.session(self, method, timeout=request_timeout)
           ^^^^^^^^^^^^^^^^^^^^^^^^^^^^^^^^^^^^^^^^^^^^^^^^^^^^^^^^^
  File "/root/xiuxian_bot/.venv/lib/python3.13/site-packages/aiogram/client/session/base.py", line 259, in __call__
    return cast(TelegramType, await middleware(bot, method))
                              ^^^^^^^^^^^^^^^^^^^^^^^^^^^^^
  File "/root/xiuxian_bot/.venv/lib/python3.13/site-packages/aiogram/client/session/aiohttp.py", line 177, in make_request
    response = self.check_response(
        bot=bot,
    ...<2 lines>...
        content=raw_result,
    )
  File "/root/xiuxian_bot/.venv/lib/python3.13/site-packages/aiogram/client/session/base.py", line 109, in check_response
    raise TelegramRetryAfter(
    ...<3 lines>...
    )
aiogram.exceptions.TelegramRetryAfter: Telegram server says - Flood control exceeded on method 'EditMessageText' in chat -1003757376633. Retry in 32 seconds.
Original description: Too Many Requests: retry after 32
(background on this error at: https://core.telegram.org/bots/faq#my-bot-is-hitting-limits-how-do-i-avoid-this)

During handling of the above exception, another exception occurred:

Traceback (most recent call last):
  File "/root/xiuxian_bot/adapters/telegram/bot.py", line 2798, in _safe_edit
    sent = await query.message.reply_text(text, reply_markup=reply_markup, parse_mode=parse_mode)
           ^^^^^^^^^^^^^^^^^^^^^^^^^^^^^^^^^^^^^^^^^^^^^^^^^^^^^^^^^^^^^^^^^^^^^^^^^^^^^^^^^^^^^^
  File "/root/xiuxian_bot/adapters/aiogram/legacy_bridge.py", line 114, in reply_text
    sent = await self._bot.send_message(chat_id=self.chat_id, text=text, **payload)
           ^^^^^^^^^^^^^^^^^^^^^^^^^^^^^^^^^^^^^^^^^^^^^^^^^^^^^^^^^^^^^^^^^^^^^^^^
  File "/root/xiuxian_bot/.venv/lib/python3.13/site-packages/aiogram/client/bot.py", line 2923, in send_message
    return await self(call, request_timeout=request_timeout)
           ^^^^^^^^^^^^^^^^^^^^^^^^^^^^^^^^^^^^^^^^^^^^^^^^^
  File "/root/xiuxian_bot/.venv/lib/python3.13/site-packages/aiogram/client/bot.py", line 488, in __call__
    return await self.session(self, method, timeout=request_timeout)
           ^^^^^^^^^^^^^^^^^^^^^^^^^^^^^^^^^^^^^^^^^^^^^^^^^^^^^^^^^
  File "/root/xiuxian_bot/.venv/lib/python3.13/site-packages/aiogram/client/session/base.py", line 259, in __call__
    return cast(TelegramType, await middleware(bot, method))
                              ^^^^^^^^^^^^^^^^^^^^^^^^^^^^^
  File "/root/xiuxian_bot/.venv/lib/python3.13/site-packages/aiogram/client/session/aiohttp.py", line 177, in make_request
    response = self.check_response(
        bot=bot,
    ...<2 lines>...
        content=raw_result,
    )
  File "/root/xiuxian_bot/.venv/lib/python3.13/site-packages/aiogram/client/session/base.py", line 109, in check_response
    raise TelegramRetryAfter(
    ...<3 lines>...
    )
aiogram.exceptions.TelegramRetryAfter: Telegram server says - Flood control exceeded on method 'SendMessage' in chat -1003757376633. Retry in 32 seconds.
Original description: Too Many Requests: retry after 32
(background on this error at: https://core.telegram.org/bots/faq#my-bot-is-hitting-limits-how-do-i-avoid-this)

During handling of the above exception, another exception occurred:

Traceback (most recent call last):
  File "/root/xiuxian_bot/adapters/aiogram/legacy_bridge.py", line 508, in bridge_callback_handler
    await legacy_bot.callback_handler(update, context)
  File "/root/xiuxian_bot/adapters/telegram/bot.py", line 4185, in callback_handler
    await _safe_edit("❌ 狩猎面板出错，请重试", reply_markup=get_main_menu_keyboard())
  File "/root/xiuxian_bot/adapters/telegram/bot.py", line 2802, in _safe_edit
    sent = await query.message.reply_text(text, reply_markup=reply_markup)
           ^^^^^^^^^^^^^^^^^^^^^^^^^^^^^^^^^^^^^^^^^^^^^^^^^^^^^^^^^^^^^^^
  File "/root/xiuxian_bot/adapters/aiogram/legacy_bridge.py", line 114, in reply_text
    sent = await self._bot.send_message(chat_id=self.chat_id, text=text, **payload)
           ^^^^^^^^^^^^^^^^^^^^^^^^^^^^^^^^^^^^^^^^^^^^^^^^^^^^^^^^^^^^^^^^^^^^^^^^
  File "/root/xiuxian_bot/.venv/lib/python3.13/site-packages/aiogram/client/bot.py", line 2923, in send_message
    return await self(call, request_timeout=request_timeout)
           ^^^^^^^^^^^^^^^^^^^^^^^^^^^^^^^^^^^^^^^^^^^^^^^^^
  File "/root/xiuxian_bot/.venv/lib/python3.13/site-packages/aiogram/client/bot.py", line 488, in __call__
    return await self.session(self, method, timeout=request_timeout)
           ^^^^^^^^^^^^^^^^^^^^^^^^^^^^^^^^^^^^^^^^^^^^^^^^^^^^^^^^^
  File "/root/xiuxian_bot/.venv/lib/python3.13/site-packages/aiogram/client/session/base.py", line 259, in __call__
    return cast(TelegramType, await middleware(bot, method))
                              ^^^^^^^^^^^^^^^^^^^^^^^^^^^^^
  File "/root/xiuxian_bot/.venv/lib/python3.13/site-packages/aiogram/client/session/aiohttp.py", line 177, in make_request
    response = self.check_response(
        bot=bot,
    ...<2 lines>...
        content=raw_result,
    )
  File "/root/xiuxian_bot/.venv/lib/python3.13/site-packages/aiogram/client/session/base.py", line 109, in check_response
    raise TelegramRetryAfter(
    ...<3 lines>...
    )
aiogram.exceptions.TelegramRetryAfter: Telegram server says - Flood control exceeded on method 'SendMessage' in chat -1003757376633. Retry in 32 seconds.
Original description: Too Many Requests: retry after 32
(background on this error at: https://core.telegram.org/bots/faq#my-bot-is-hitting-limits-how-do-i-avoid-this)
2026-03-21 11:09:17,185 - telegram - ERROR - hunt callback error: Telegram server says - Flood control exceeded on method 'SendMessage' in chat -1003757376633. Retry in 27 seconds.
Original description: Too Many Requests: retry after 27
(background on this error at: https://core.telegram.org/bots/faq#my-bot-is-hitting-limits-how-do-i-avoid-this)
2026-03-21 11:09:17,753 - adapters.aiogram.legacy_bridge - ERROR - legacy_callback_bridge_failed error=TelegramRetryAfter
Traceback (most recent call last):
  File "/root/xiuxian_bot/adapters/telegram/bot.py", line 2785, in _safe_edit
    await query.edit_message_text(text, reply_markup=reply_markup, parse_mode=parse_mode)
  File "/root/xiuxian_bot/adapters/aiogram/legacy_bridge.py", line 165, in edit_message_text
    edited = await self._raw.message.edit_text(text=text, **payload)
             ^^^^^^^^^^^^^^^^^^^^^^^^^^^^^^^^^^^^^^^^^^^^^^^^^^^^^^^
  File "/root/xiuxian_bot/.venv/lib/python3.13/site-packages/aiogram/methods/base.py", line 82, in emit
    return await bot(self)
           ^^^^^^^^^^^^^^^
  File "/root/xiuxian_bot/.venv/lib/python3.13/site-packages/aiogram/client/bot.py", line 488, in __call__
    return await self.session(self, method, timeout=request_timeout)
           ^^^^^^^^^^^^^^^^^^^^^^^^^^^^^^^^^^^^^^^^^^^^^^^^^^^^^^^^^
  File "/root/xiuxian_bot/.venv/lib/python3.13/site-packages/aiogram/client/session/base.py", line 259, in __call__
    return cast(TelegramType, await middleware(bot, method))
                              ^^^^^^^^^^^^^^^^^^^^^^^^^^^^^
  File "/root/xiuxian_bot/.venv/lib/python3.13/site-packages/aiogram/client/session/aiohttp.py", line 177, in make_request
    response = self.check_response(
        bot=bot,
    ...<2 lines>...
        content=raw_result,
    )
  File "/root/xiuxian_bot/.venv/lib/python3.13/site-packages/aiogram/client/session/base.py", line 109, in check_response
    raise TelegramRetryAfter(
    ...<3 lines>...
    )
aiogram.exceptions.TelegramRetryAfter: Telegram server says - Flood control exceeded on method 'EditMessageText' in chat -1003757376633. Retry in 28 seconds.
Original description: Too Many Requests: retry after 28
(background on this error at: https://core.telegram.org/bots/faq#my-bot-is-hitting-limits-how-do-i-avoid-this)

During handling of the above exception, another exception occurred:

Traceback (most recent call last):
  File "/root/xiuxian_bot/adapters/telegram/bot.py", line 2790, in _safe_edit
    await query.edit_message_text(text, reply_markup=reply_markup)
  File "/root/xiuxian_bot/adapters/aiogram/legacy_bridge.py", line 165, in edit_message_text
    edited = await self._raw.message.edit_text(text=text, **payload)
             ^^^^^^^^^^^^^^^^^^^^^^^^^^^^^^^^^^^^^^^^^^^^^^^^^^^^^^^
  File "/root/xiuxian_bot/.venv/lib/python3.13/site-packages/aiogram/methods/base.py", line 82, in emit
    return await bot(self)
           ^^^^^^^^^^^^^^^
  File "/root/xiuxian_bot/.venv/lib/python3.13/site-packages/aiogram/client/bot.py", line 488, in __call__
    return await self.session(self, method, timeout=request_timeout)
           ^^^^^^^^^^^^^^^^^^^^^^^^^^^^^^^^^^^^^^^^^^^^^^^^^^^^^^^^^
  File "/root/xiuxian_bot/.venv/lib/python3.13/site-packages/aiogram/client/session/base.py", line 259, in __call__
    return cast(TelegramType, await middleware(bot, method))
                              ^^^^^^^^^^^^^^^^^^^^^^^^^^^^^
  File "/root/xiuxian_bot/.venv/lib/python3.13/site-packages/aiogram/client/session/aiohttp.py", line 177, in make_request
    response = self.check_response(
        bot=bot,
    ...<2 lines>...
        content=raw_result,
    )
  File "/root/xiuxian_bot/.venv/lib/python3.13/site-packages/aiogram/client/session/base.py", line 109, in check_response
    raise TelegramRetryAfter(
    ...<3 lines>...
    )
aiogram.exceptions.TelegramRetryAfter: Telegram server says - Flood control exceeded on method 'EditMessageText' in chat -1003757376633. Retry in 28 seconds.
Original description: Too Many Requests: retry after 28
(background on this error at: https://core.telegram.org/bots/faq#my-bot-is-hitting-limits-how-do-i-avoid-this)

During handling of the above exception, another exception occurred:

Traceback (most recent call last):
  File "/root/xiuxian_bot/adapters/telegram/bot.py", line 2798, in _safe_edit
    sent = await query.message.reply_text(text, reply_markup=reply_markup, parse_mode=parse_mode)
           ^^^^^^^^^^^^^^^^^^^^^^^^^^^^^^^^^^^^^^^^^^^^^^^^^^^^^^^^^^^^^^^^^^^^^^^^^^^^^^^^^^^^^^
  File "/root/xiuxian_bot/adapters/aiogram/legacy_bridge.py", line 114, in reply_text
    sent = await self._bot.send_message(chat_id=self.chat_id, text=text, **payload)
           ^^^^^^^^^^^^^^^^^^^^^^^^^^^^^^^^^^^^^^^^^^^^^^^^^^^^^^^^^^^^^^^^^^^^^^^^
  File "/root/xiuxian_bot/.venv/lib/python3.13/site-packages/aiogram/client/bot.py", line 2923, in send_message
    return await self(call, request_timeout=request_timeout)
           ^^^^^^^^^^^^^^^^^^^^^^^^^^^^^^^^^^^^^^^^^^^^^^^^^
  File "/root/xiuxian_bot/.venv/lib/python3.13/site-packages/aiogram/client/bot.py", line 488, in __call__
    return await self.session(self, method, timeout=request_timeout)
           ^^^^^^^^^^^^^^^^^^^^^^^^^^^^^^^^^^^^^^^^^^^^^^^^^^^^^^^^^
  File "/root/xiuxian_bot/.venv/lib/python3.13/site-packages/aiogram/client/session/base.py", line 259, in __call__
    return cast(TelegramType, await middleware(bot, method))
                              ^^^^^^^^^^^^^^^^^^^^^^^^^^^^^
  File "/root/xiuxian_bot/.venv/lib/python3.13/site-packages/aiogram/client/session/aiohttp.py", line 177, in make_request
    response = self.check_response(
        bot=bot,
    ...<2 lines>...
        content=raw_result,
    )
  File "/root/xiuxian_bot/.venv/lib/python3.13/site-packages/aiogram/client/session/base.py", line 109, in check_response
    raise TelegramRetryAfter(
    ...<3 lines>...
    )
aiogram.exceptions.TelegramRetryAfter: Telegram server says - Flood control exceeded on method 'SendMessage' in chat -1003757376633. Retry in 28 seconds.
Original description: Too Many Requests: retry after 28
(background on this error at: https://core.telegram.org/bots/faq#my-bot-is-hitting-limits-how-do-i-avoid-this)

During handling of the above exception, another exception occurred:

Traceback (most recent call last):
  File "/root/xiuxian_bot/adapters/telegram/bot.py", line 4150, in callback_handler
    await _safe_edit(
    ...<2 lines>...
    )
  File "/root/xiuxian_bot/adapters/telegram/bot.py", line 2802, in _safe_edit
    sent = await query.message.reply_text(text, reply_markup=reply_markup)
           ^^^^^^^^^^^^^^^^^^^^^^^^^^^^^^^^^^^^^^^^^^^^^^^^^^^^^^^^^^^^^^^
  File "/root/xiuxian_bot/adapters/aiogram/legacy_bridge.py", line 114, in reply_text
    sent = await self._bot.send_message(chat_id=self.chat_id, text=text, **payload)
           ^^^^^^^^^^^^^^^^^^^^^^^^^^^^^^^^^^^^^^^^^^^^^^^^^^^^^^^^^^^^^^^^^^^^^^^^
  File "/root/xiuxian_bot/.venv/lib/python3.13/site-packages/aiogram/client/bot.py", line 2923, in send_message
    return await self(call, request_timeout=request_timeout)
           ^^^^^^^^^^^^^^^^^^^^^^^^^^^^^^^^^^^^^^^^^^^^^^^^^
  File "/root/xiuxian_bot/.venv/lib/python3.13/site-packages/aiogram/client/bot.py", line 488, in __call__
    return await self.session(self, method, timeout=request_timeout)
           ^^^^^^^^^^^^^^^^^^^^^^^^^^^^^^^^^^^^^^^^^^^^^^^^^^^^^^^^^
  File "/root/xiuxian_bot/.venv/lib/python3.13/site-packages/aiogram/client/session/base.py", line 259, in __call__
    return cast(TelegramType, await middleware(bot, method))
                              ^^^^^^^^^^^^^^^^^^^^^^^^^^^^^
  File "/root/xiuxian_bot/.venv/lib/python3.13/site-packages/aiogram/client/session/aiohttp.py", line 177, in make_request
    response = self.check_response(
        bot=bot,
    ...<2 lines>...
        content=raw_result,
    )
  File "/root/xiuxian_bot/.venv/lib/python3.13/site-packages/aiogram/client/session/base.py", line 109, in check_response
    raise TelegramRetryAfter(
    ...<3 lines>...
    )
aiogram.exceptions.TelegramRetryAfter: Telegram server says - Flood control exceeded on method 'SendMessage' in chat -1003757376633. Retry in 27 seconds.
Original description: Too Many Requests: retry after 27
(background on this error at: https://core.telegram.org/bots/faq#my-bot-is-hitting-limits-how-do-i-avoid-this)

During handling of the above exception, another exception occurred:

Traceback (most recent call last):
  File "/root/xiuxian_bot/adapters/telegram/bot.py", line 2785, in _safe_edit
    await query.edit_message_text(text, reply_markup=reply_markup, parse_mode=parse_mode)
  File "/root/xiuxian_bot/adapters/aiogram/legacy_bridge.py", line 165, in edit_message_text
    edited = await self._raw.message.edit_text(text=text, **payload)
             ^^^^^^^^^^^^^^^^^^^^^^^^^^^^^^^^^^^^^^^^^^^^^^^^^^^^^^^
  File "/root/xiuxian_bot/.venv/lib/python3.13/site-packages/aiogram/methods/base.py", line 82, in emit
    return await bot(self)
           ^^^^^^^^^^^^^^^
  File "/root/xiuxian_bot/.venv/lib/python3.13/site-packages/aiogram/client/bot.py", line 488, in __call__
    return await self.session(self, method, timeout=request_timeout)
           ^^^^^^^^^^^^^^^^^^^^^^^^^^^^^^^^^^^^^^^^^^^^^^^^^^^^^^^^^
  File "/root/xiuxian_bot/.venv/lib/python3.13/site-packages/aiogram/client/session/base.py", line 259, in __call__
    return cast(TelegramType, await middleware(bot, method))
                              ^^^^^^^^^^^^^^^^^^^^^^^^^^^^^
  File "/root/xiuxian_bot/.venv/lib/python3.13/site-packages/aiogram/client/session/aiohttp.py", line 177, in make_request
    response = self.check_response(
        bot=bot,
    ...<2 lines>...
        content=raw_result,
    )
  File "/root/xiuxian_bot/.venv/lib/python3.13/site-packages/aiogram/client/session/base.py", line 109, in check_response
    raise TelegramRetryAfter(
    ...<3 lines>...
    )
aiogram.exceptions.TelegramRetryAfter: Telegram server says - Flood control exceeded on method 'EditMessageText' in chat -1003757376633. Retry in 27 seconds.
Original description: Too Many Requests: retry after 27
(background on this error at: https://core.telegram.org/bots/faq#my-bot-is-hitting-limits-how-do-i-avoid-this)

During handling of the above exception, another exception occurred:

Traceback (most recent call last):
  File "/root/xiuxian_bot/adapters/telegram/bot.py", line 2790, in _safe_edit
    await query.edit_message_text(text, reply_markup=reply_markup)
  File "/root/xiuxian_bot/adapters/aiogram/legacy_bridge.py", line 165, in edit_message_text
    edited = await self._raw.message.edit_text(text=text, **payload)
             ^^^^^^^^^^^^^^^^^^^^^^^^^^^^^^^^^^^^^^^^^^^^^^^^^^^^^^^
  File "/root/xiuxian_bot/.venv/lib/python3.13/site-packages/aiogram/methods/base.py", line 82, in emit
    return await bot(self)
           ^^^^^^^^^^^^^^^
  File "/root/xiuxian_bot/.venv/lib/python3.13/site-packages/aiogram/client/bot.py", line 488, in __call__
    return await self.session(self, method, timeout=request_timeout)
           ^^^^^^^^^^^^^^^^^^^^^^^^^^^^^^^^^^^^^^^^^^^^^^^^^^^^^^^^^
  File "/root/xiuxian_bot/.venv/lib/python3.13/site-packages/aiogram/client/session/base.py", line 259, in __call__
    return cast(TelegramType, await middleware(bot, method))
                              ^^^^^^^^^^^^^^^^^^^^^^^^^^^^^
  File "/root/xiuxian_bot/.venv/lib/python3.13/site-packages/aiogram/client/session/aiohttp.py", line 177, in make_request
    response = self.check_response(
        bot=bot,
    ...<2 lines>...
        content=raw_result,
    )
  File "/root/xiuxian_bot/.venv/lib/python3.13/site-packages/aiogram/client/session/base.py", line 109, in check_response
    raise TelegramRetryAfter(
    ...<3 lines>...
    )
aiogram.exceptions.TelegramRetryAfter: Telegram server says - Flood control exceeded on method 'EditMessageText' in chat -1003757376633. Retry in 27 seconds.
Original description: Too Many Requests: retry after 27
(background on this error at: https://core.telegram.org/bots/faq#my-bot-is-hitting-limits-how-do-i-avoid-this)

During handling of the above exception, another exception occurred:

Traceback (most recent call last):
  File "/root/xiuxian_bot/adapters/telegram/bot.py", line 2798, in _safe_edit
    sent = await query.message.reply_text(text, reply_markup=reply_markup, parse_mode=parse_mode)
           ^^^^^^^^^^^^^^^^^^^^^^^^^^^^^^^^^^^^^^^^^^^^^^^^^^^^^^^^^^^^^^^^^^^^^^^^^^^^^^^^^^^^^^
  File "/root/xiuxian_bot/adapters/aiogram/legacy_bridge.py", line 114, in reply_text
    sent = await self._bot.send_message(chat_id=self.chat_id, text=text, **payload)
           ^^^^^^^^^^^^^^^^^^^^^^^^^^^^^^^^^^^^^^^^^^^^^^^^^^^^^^^^^^^^^^^^^^^^^^^^
  File "/root/xiuxian_bot/.venv/lib/python3.13/site-packages/aiogram/client/bot.py", line 2923, in send_message
    return await self(call, request_timeout=request_timeout)
           ^^^^^^^^^^^^^^^^^^^^^^^^^^^^^^^^^^^^^^^^^^^^^^^^^
  File "/root/xiuxian_bot/.venv/lib/python3.13/site-packages/aiogram/client/bot.py", line 488, in __call__
    return await self.session(self, method, timeout=request_timeout)
           ^^^^^^^^^^^^^^^^^^^^^^^^^^^^^^^^^^^^^^^^^^^^^^^^^^^^^^^^^
  File "/root/xiuxian_bot/.venv/lib/python3.13/site-packages/aiogram/client/session/base.py", line 259, in __call__
    return cast(TelegramType, await middleware(bot, method))
                              ^^^^^^^^^^^^^^^^^^^^^^^^^^^^^
  File "/root/xiuxian_bot/.venv/lib/python3.13/site-packages/aiogram/client/session/aiohttp.py", line 177, in make_request
    response = self.check_response(
        bot=bot,
    ...<2 lines>...
        content=raw_result,
    )
  File "/root/xiuxian_bot/.venv/lib/python3.13/site-packages/aiogram/client/session/base.py", line 109, in check_response
    raise TelegramRetryAfter(
    ...<3 lines>...
    )
aiogram.exceptions.TelegramRetryAfter: Telegram server says - Flood control exceeded on method 'SendMessage' in chat -1003757376633. Retry in 27 seconds.
Original description: Too Many Requests: retry after 27
(background on this error at: https://core.telegram.org/bots/faq#my-bot-is-hitting-limits-how-do-i-avoid-this)

During handling of the above exception, another exception occurred:

Traceback (most recent call last):
  File "/root/xiuxian_bot/adapters/aiogram/legacy_bridge.py", line 508, in bridge_callback_handler
    await legacy_bot.callback_handler(update, context)
  File "/root/xiuxian_bot/adapters/telegram/bot.py", line 4185, in callback_handler
    await _safe_edit("❌ 狩猎面板出错，请重试", reply_markup=get_main_menu_keyboard())
  File "/root/xiuxian_bot/adapters/telegram/bot.py", line 2802, in _safe_edit
    sent = await query.message.reply_text(text, reply_markup=reply_markup)
           ^^^^^^^^^^^^^^^^^^^^^^^^^^^^^^^^^^^^^^^^^^^^^^^^^^^^^^^^^^^^^^^
  File "/root/xiuxian_bot/adapters/aiogram/legacy_bridge.py", line 114, in reply_text
    sent = await self._bot.send_message(chat_id=self.chat_id, text=text, **payload)
           ^^^^^^^^^^^^^^^^^^^^^^^^^^^^^^^^^^^^^^^^^^^^^^^^^^^^^^^^^^^^^^^^^^^^^^^^
  File "/root/xiuxian_bot/.venv/lib/python3.13/site-packages/aiogram/client/bot.py", line 2923, in send_message
    return await self(call, request_timeout=request_timeout)
           ^^^^^^^^^^^^^^^^^^^^^^^^^^^^^^^^^^^^^^^^^^^^^^^^^
  File "/root/xiuxian_bot/.venv/lib/python3.13/site-packages/aiogram/client/bot.py", line 488, in __call__
    return await self.session(self, method, timeout=request_timeout)
           ^^^^^^^^^^^^^^^^^^^^^^^^^^^^^^^^^^^^^^^^^^^^^^^^^^^^^^^^^
  File "/root/xiuxian_bot/.venv/lib/python3.13/site-packages/aiogram/client/session/base.py", line 259, in __call__
    return cast(TelegramType, await middleware(bot, method))
                              ^^^^^^^^^^^^^^^^^^^^^^^^^^^^^
  File "/root/xiuxian_bot/.venv/lib/python3.13/site-packages/aiogram/client/session/aiohttp.py", line 177, in make_request
    response = self.check_response(
        bot=bot,
    ...<2 lines>...
        content=raw_result,
    )
  File "/root/xiuxian_bot/.venv/lib/python3.13/site-packages/aiogram/client/session/base.py", line 109, in check_response
    raise TelegramRetryAfter(
    ...<3 lines>...
    )
aiogram.exceptions.TelegramRetryAfter: Telegram server says - Flood control exceeded on method 'SendMessage' in chat -1003757376633. Retry in 27 seconds.
Original description: Too Many Requests: retry after 27
(background on this error at: https://core.telegram.org/bots/faq#my-bot-is-hitting-limits-how-do-i-avoid-this)
2026-03-21 11:09:20,142 - telegram - ERROR - main menu status error: Telegram server says - Flood control exceeded on method 'SendMessage' in chat -1003757376633. Retry in 24 seconds.
Original description: Too Many Requests: retry after 24
(background on this error at: https://core.telegram.org/bots/faq#my-bot-is-hitting-limits-how-do-i-avoid-this)
2026-03-21 11:09:20,726 - adapters.aiogram.legacy_bridge - ERROR - legacy_callback_bridge_failed error=TelegramRetryAfter
Traceback (most recent call last):
  File "/root/xiuxian_bot/adapters/telegram/bot.py", line 2785, in _safe_edit
  File "/root/xiuxian_bot/adapters/aiogram/legacy_bridge.py", line 165, in edit_message_text
    edited = await self._raw.message.edit_text(text=text, **payload)
             ^^^^^^^^^^^^^^^^^^^^^^^^^^^^^^^^^^^^^^^^^^^^^^^^^^^^^^^
  File "/root/xiuxian_bot/.venv/lib/python3.13/site-packages/aiogram/methods/base.py", line 82, in emit
    return await bot(self)
           ^^^^^^^^^^^^^^^
  File "/root/xiuxian_bot/.venv/lib/python3.13/site-packages/aiogram/client/bot.py", line 488, in __call__
    return await self.session(self, method, timeout=request_timeout)
           ^^^^^^^^^^^^^^^^^^^^^^^^^^^^^^^^^^^^^^^^^^^^^^^^^^^^^^^^^
  File "/root/xiuxian_bot/.venv/lib/python3.13/site-packages/aiogram/client/session/base.py", line 259, in __call__
    return cast(TelegramType, await middleware(bot, method))
                              ^^^^^^^^^^^^^^^^^^^^^^^^^^^^^
  File "/root/xiuxian_bot/.venv/lib/python3.13/site-packages/aiogram/client/session/aiohttp.py", line 177, in make_request
    response = self.check_response(
        bot=bot,
    ...<2 lines>...
        content=raw_result,
    )
  File "/root/xiuxian_bot/.venv/lib/python3.13/site-packages/aiogram/client/session/base.py", line 109, in check_response
    raise TelegramRetryAfter(
    ...<3 lines>...
    )
aiogram.exceptions.TelegramRetryAfter: Telegram server says - Flood control exceeded on method 'EditMessageText' in chat -1003757376633. Retry in 25 seconds.
Original description: Too Many Requests: retry after 25
(background on this error at: https://core.telegram.org/bots/faq#my-bot-is-hitting-limits-how-do-i-avoid-this)

During handling of the above exception, another exception occurred:

Traceback (most recent call last):
  File "/root/xiuxian_bot/adapters/telegram/bot.py", line 2790, in _safe_edit
    if reply_markup is not None:
        ^^^^^^^^^^^^^^^^^^^^^^^^
  File "/root/xiuxian_bot/adapters/aiogram/legacy_bridge.py", line 165, in edit_message_text
    edited = await self._raw.message.edit_text(text=text, **payload)
             ^^^^^^^^^^^^^^^^^^^^^^^^^^^^^^^^^^^^^^^^^^^^^^^^^^^^^^^
  File "/root/xiuxian_bot/.venv/lib/python3.13/site-packages/aiogram/methods/base.py", line 82, in emit
    return await bot(self)
           ^^^^^^^^^^^^^^^
  File "/root/xiuxian_bot/.venv/lib/python3.13/site-packages/aiogram/client/bot.py", line 488, in __call__
    return await self.session(self, method, timeout=request_timeout)
           ^^^^^^^^^^^^^^^^^^^^^^^^^^^^^^^^^^^^^^^^^^^^^^^^^^^^^^^^^
  File "/root/xiuxian_bot/.venv/lib/python3.13/site-packages/aiogram/client/session/base.py", line 259, in __call__
    return cast(TelegramType, await middleware(bot, method))
                              ^^^^^^^^^^^^^^^^^^^^^^^^^^^^^
  File "/root/xiuxian_bot/.venv/lib/python3.13/site-packages/aiogram/client/session/aiohttp.py", line 177, in make_request
    response = self.check_response(
        bot=bot,
    ...<2 lines>...
        content=raw_result,
    )
  File "/root/xiuxian_bot/.venv/lib/python3.13/site-packages/aiogram/client/session/base.py", line 109, in check_response
    raise TelegramRetryAfter(
    ...<3 lines>...
    )
aiogram.exceptions.TelegramRetryAfter: Telegram server says - Flood control exceeded on method 'EditMessageText' in chat -1003757376633. Retry in 25 seconds.
Original description: Too Many Requests: retry after 25
(background on this error at: https://core.telegram.org/bots/faq#my-bot-is-hitting-limits-how-do-i-avoid-this)

During handling of the above exception, another exception occurred:

Traceback (most recent call last):
  File "/root/xiuxian_bot/adapters/telegram/bot.py", line 2798, in _safe_edit
    # Benign case: Telegram rejects idempotent edits.
  File "/root/xiuxian_bot/adapters/aiogram/legacy_bridge.py", line 114, in reply_text
    sent = await self._bot.send_message(chat_id=self.chat_id, text=text, **payload)
           ^^^^^^^^^^^^^^^^^^^^^^^^^^^^^^^^^^^^^^^^^^^^^^^^^^^^^^^^^^^^^^^^^^^^^^^^
  File "/root/xiuxian_bot/.venv/lib/python3.13/site-packages/aiogram/client/bot.py", line 2923, in send_message
    return await self(call, request_timeout=request_timeout)
           ^^^^^^^^^^^^^^^^^^^^^^^^^^^^^^^^^^^^^^^^^^^^^^^^^
  File "/root/xiuxian_bot/.venv/lib/python3.13/site-packages/aiogram/client/bot.py", line 488, in __call__
    return await self.session(self, method, timeout=request_timeout)
           ^^^^^^^^^^^^^^^^^^^^^^^^^^^^^^^^^^^^^^^^^^^^^^^^^^^^^^^^^
  File "/root/xiuxian_bot/.venv/lib/python3.13/site-packages/aiogram/client/session/base.py", line 259, in __call__
    return cast(TelegramType, await middleware(bot, method))
                              ^^^^^^^^^^^^^^^^^^^^^^^^^^^^^
  File "/root/xiuxian_bot/.venv/lib/python3.13/site-packages/aiogram/client/session/aiohttp.py", line 177, in make_request
    response = self.check_response(
        bot=bot,
    ...<2 lines>...
        content=raw_result,
    )
  File "/root/xiuxian_bot/.venv/lib/python3.13/site-packages/aiogram/client/session/base.py", line 109, in check_response
    raise TelegramRetryAfter(
    ...<3 lines>...
    )
aiogram.exceptions.TelegramRetryAfter: Telegram server says - Flood control exceeded on method 'SendMessage' in chat -1003757376633. Retry in 25 seconds.
Original description: Too Many Requests: retry after 25
(background on this error at: https://core.telegram.org/bots/faq#my-bot-is-hitting-limits-how-do-i-avoid-this)

During handling of the above exception, another exception occurred:

Traceback (most recent call last):
  File "/root/xiuxian_bot/adapters/telegram/bot.py", line 2851, in callback_handler
    if stat_r.get("success"):
        ^^^^^^^^^^^^^^^^^^^^^
    ...<3 lines>...
        await _safe_edit(
        ^
  File "/root/xiuxian_bot/adapters/telegram/bot.py", line 2802, in _safe_edit
    sent = await query.message.reply_text(text, reply_markup=reply_markup, parse_mode=parse_mode)
           ^^^^^^^^^^^^^^^^^^^^^^^^^^^^^^^^^^^^^^^^^^^^^^^^^^^^^^^^^^^^^^^
  File "/root/xiuxian_bot/adapters/aiogram/legacy_bridge.py", line 114, in reply_text
    sent = await self._bot.send_message(chat_id=self.chat_id, text=text, **payload)
           ^^^^^^^^^^^^^^^^^^^^^^^^^^^^^^^^^^^^^^^^^^^^^^^^^^^^^^^^^^^^^^^^^^^^^^^^
  File "/root/xiuxian_bot/.venv/lib/python3.13/site-packages/aiogram/client/bot.py", line 2923, in send_message
    return await self(call, request_timeout=request_timeout)
           ^^^^^^^^^^^^^^^^^^^^^^^^^^^^^^^^^^^^^^^^^^^^^^^^^
  File "/root/xiuxian_bot/.venv/lib/python3.13/site-packages/aiogram/client/bot.py", line 488, in __call__
    return await self.session(self, method, timeout=request_timeout)
           ^^^^^^^^^^^^^^^^^^^^^^^^^^^^^^^^^^^^^^^^^^^^^^^^^^^^^^^^^
  File "/root/xiuxian_bot/.venv/lib/python3.13/site-packages/aiogram/client/session/base.py", line 259, in __call__
    return cast(TelegramType, await middleware(bot, method))
                              ^^^^^^^^^^^^^^^^^^^^^^^^^^^^^
  File "/root/xiuxian_bot/.venv/lib/python3.13/site-packages/aiogram/client/session/aiohttp.py", line 177, in make_request
    response = self.check_response(
        bot=bot,
    ...<2 lines>...
        content=raw_result,
    )
  File "/root/xiuxian_bot/.venv/lib/python3.13/site-packages/aiogram/client/session/base.py", line 109, in check_response
    raise TelegramRetryAfter(
    ...<3 lines>...
    )
aiogram.exceptions.TelegramRetryAfter: Telegram server says - Flood control exceeded on method 'SendMessage' in chat -1003757376633. Retry in 24 seconds.
Original description: Too Many Requests: retry after 24
(background on this error at: https://core.telegram.org/bots/faq#my-bot-is-hitting-limits-how-do-i-avoid-this)

During handling of the above exception, another exception occurred:

Traceback (most recent call last):
  File "/root/xiuxian_bot/adapters/telegram/bot.py", line 2785, in _safe_edit
  File "/root/xiuxian_bot/adapters/aiogram/legacy_bridge.py", line 165, in edit_message_text
    edited = await self._raw.message.edit_text(text=text, **payload)
             ^^^^^^^^^^^^^^^^^^^^^^^^^^^^^^^^^^^^^^^^^^^^^^^^^^^^^^^
  File "/root/xiuxian_bot/.venv/lib/python3.13/site-packages/aiogram/methods/base.py", line 82, in emit
    return await bot(self)
           ^^^^^^^^^^^^^^^
  File "/root/xiuxian_bot/.venv/lib/python3.13/site-packages/aiogram/client/bot.py", line 488, in __call__
    return await self.session(self, method, timeout=request_timeout)
           ^^^^^^^^^^^^^^^^^^^^^^^^^^^^^^^^^^^^^^^^^^^^^^^^^^^^^^^^^
  File "/root/xiuxian_bot/.venv/lib/python3.13/site-packages/aiogram/client/session/base.py", line 259, in __call__
    return cast(TelegramType, await middleware(bot, method))
                              ^^^^^^^^^^^^^^^^^^^^^^^^^^^^^
  File "/root/xiuxian_bot/.venv/lib/python3.13/site-packages/aiogram/client/session/aiohttp.py", line 177, in make_request
    response = self.check_response(
        bot=bot,
    ...<2 lines>...
        content=raw_result,
    )
  File "/root/xiuxian_bot/.venv/lib/python3.13/site-packages/aiogram/client/session/base.py", line 109, in check_response
    raise TelegramRetryAfter(
    ...<3 lines>...
    )
aiogram.exceptions.TelegramRetryAfter: Telegram server says - Flood control exceeded on method 'EditMessageText' in chat -1003757376633. Retry in 24 seconds.
Original description: Too Many Requests: retry after 24
(background on this error at: https://core.telegram.org/bots/faq#my-bot-is-hitting-limits-how-do-i-avoid-this)

During handling of the above exception, another exception occurred:

Traceback (most recent call last):
  File "/root/xiuxian_bot/adapters/telegram/bot.py", line 2790, in _safe_edit
    if reply_markup is not None:
        ^^^^^^^^^^^^^^^^^^^^^^^^
  File "/root/xiuxian_bot/adapters/aiogram/legacy_bridge.py", line 165, in edit_message_text
    edited = await self._raw.message.edit_text(text=text, **payload)
             ^^^^^^^^^^^^^^^^^^^^^^^^^^^^^^^^^^^^^^^^^^^^^^^^^^^^^^^
  File "/root/xiuxian_bot/.venv/lib/python3.13/site-packages/aiogram/methods/base.py", line 82, in emit
    return await bot(self)
           ^^^^^^^^^^^^^^^
  File "/root/xiuxian_bot/.venv/lib/python3.13/site-packages/aiogram/client/bot.py", line 488, in __call__
    return await self.session(self, method, timeout=request_timeout)
           ^^^^^^^^^^^^^^^^^^^^^^^^^^^^^^^^^^^^^^^^^^^^^^^^^^^^^^^^^
  File "/root/xiuxian_bot/.venv/lib/python3.13/site-packages/aiogram/client/session/base.py", line 259, in __call__
    return cast(TelegramType, await middleware(bot, method))
                              ^^^^^^^^^^^^^^^^^^^^^^^^^^^^^
  File "/root/xiuxian_bot/.venv/lib/python3.13/site-packages/aiogram/client/session/aiohttp.py", line 177, in make_request
    response = self.check_response(
        bot=bot,
    ...<2 lines>...
        content=raw_result,
    )
  File "/root/xiuxian_bot/.venv/lib/python3.13/site-packages/aiogram/client/session/base.py", line 109, in check_response
    raise TelegramRetryAfter(
    ...<3 lines>...
    )
aiogram.exceptions.TelegramRetryAfter: Telegram server says - Flood control exceeded on method 'EditMessageText' in chat -1003757376633. Retry in 24 seconds.
Original description: Too Many Requests: retry after 24
(background on this error at: https://core.telegram.org/bots/faq#my-bot-is-hitting-limits-how-do-i-avoid-this)

During handling of the above exception, another exception occurred:

Traceback (most recent call last):
  File "/root/xiuxian_bot/adapters/telegram/bot.py", line 2798, in _safe_edit
    # Benign case: Telegram rejects idempotent edits.
  File "/root/xiuxian_bot/adapters/aiogram/legacy_bridge.py", line 114, in reply_text
    sent = await self._bot.send_message(chat_id=self.chat_id, text=text, **payload)
           ^^^^^^^^^^^^^^^^^^^^^^^^^^^^^^^^^^^^^^^^^^^^^^^^^^^^^^^^^^^^^^^^^^^^^^^^
  File "/root/xiuxian_bot/.venv/lib/python3.13/site-packages/aiogram/client/bot.py", line 2923, in send_message
    return await self(call, request_timeout=request_timeout)
           ^^^^^^^^^^^^^^^^^^^^^^^^^^^^^^^^^^^^^^^^^^^^^^^^^
  File "/root/xiuxian_bot/.venv/lib/python3.13/site-packages/aiogram/client/bot.py", line 488, in __call__
    return await self.session(self, method, timeout=request_timeout)
           ^^^^^^^^^^^^^^^^^^^^^^^^^^^^^^^^^^^^^^^^^^^^^^^^^^^^^^^^^
  File "/root/xiuxian_bot/.venv/lib/python3.13/site-packages/aiogram/client/session/base.py", line 259, in __call__
    return cast(TelegramType, await middleware(bot, method))
                              ^^^^^^^^^^^^^^^^^^^^^^^^^^^^^
  File "/root/xiuxian_bot/.venv/lib/python3.13/site-packages/aiogram/client/session/aiohttp.py", line 177, in make_request
    response = self.check_response(
        bot=bot,
    ...<2 lines>...
        content=raw_result,
    )
  File "/root/xiuxian_bot/.venv/lib/python3.13/site-packages/aiogram/client/session/base.py", line 109, in check_response
    raise TelegramRetryAfter(
    ...<3 lines>...
    )
aiogram.exceptions.TelegramRetryAfter: Telegram server says - Flood control exceeded on method 'SendMessage' in chat -1003757376633. Retry in 24 seconds.
Original description: Too Many Requests: retry after 24
(background on this error at: https://core.telegram.org/bots/faq#my-bot-is-hitting-limits-how-do-i-avoid-this)

During handling of the above exception, another exception occurred:

Traceback (most recent call last):
  File "/root/xiuxian_bot/adapters/aiogram/legacy_bridge.py", line 508, in bridge_callback_handler
    await legacy_bot.callback_handler(update, context)
  File "/root/xiuxian_bot/adapters/telegram/bot.py", line 2860, in callback_handler
    return
  File "/root/xiuxian_bot/adapters/telegram/bot.py", line 2802, in _safe_edit
    sent = await query.message.reply_text(text, reply_markup=reply_markup, parse_mode=parse_mode)
           ^^^^^^^^^^^^^^^^^^^^^^^^^^^^^^^^^^^^^^^^^^^^^^^^^^^^^^^^^^^^^^^
  File "/root/xiuxian_bot/adapters/aiogram/legacy_bridge.py", line 114, in reply_text
    sent = await self._bot.send_message(chat_id=self.chat_id, text=text, **payload)
           ^^^^^^^^^^^^^^^^^^^^^^^^^^^^^^^^^^^^^^^^^^^^^^^^^^^^^^^^^^^^^^^^^^^^^^^^
  File "/root/xiuxian_bot/.venv/lib/python3.13/site-packages/aiogram/client/bot.py", line 2923, in send_message
    return await self(call, request_timeout=request_timeout)
           ^^^^^^^^^^^^^^^^^^^^^^^^^^^^^^^^^^^^^^^^^^^^^^^^^
  File "/root/xiuxian_bot/.venv/lib/python3.13/site-packages/aiogram/client/bot.py", line 488, in __call__
    return await self.session(self, method, timeout=request_timeout)
           ^^^^^^^^^^^^^^^^^^^^^^^^^^^^^^^^^^^^^^^^^^^^^^^^^^^^^^^^^
  File "/root/xiuxian_bot/.venv/lib/python3.13/site-packages/aiogram/client/session/base.py", line 259, in __call__
    return cast(TelegramType, await middleware(bot, method))
                              ^^^^^^^^^^^^^^^^^^^^^^^^^^^^^
  File "/root/xiuxian_bot/.venv/lib/python3.13/site-packages/aiogram/client/session/aiohttp.py", line 177, in make_request
    response = self.check_response(
        bot=bot,
    ...<2 lines>...
        content=raw_result,
    )
  File "/root/xiuxian_bot/.venv/lib/python3.13/site-packages/aiogram/client/session/base.py", line 109, in check_response
    raise TelegramRetryAfter(
    ...<3 lines>...
    )
aiogram.exceptions.TelegramRetryAfter: Telegram server says - Flood control exceeded on method 'SendMessage' in chat -1003757376633. Retry in 24 seconds.
Original description: Too Many Requests: retry after 24
(background on this error at: https://core.telegram.org/bots/faq#my-bot-is-hitting-limits-how-do-i-avoid-this)
2026-03-21 19:57:56,924 - telegram - ERROR - start error: Telegram server says - Bad Request: BUTTON_TYPE_INVALID
2026-03-22 00:10:54,157 - telegram - ERROR - worldboss attack error: Telegram server says - Flood control exceeded on method 'SendMessage' in chat -1003757376633. Retry in 10 seconds.
Original description: Too Many Requests: retry after 10
(background on this error at: https://core.telegram.org/bots/faq#my-bot-is-hitting-limits-how-do-i-avoid-this)
2026-03-22 00:11:06,339 - telegram - ERROR - worldboss attack error: Telegram server says - Flood control exceeded on method 'SendMessage' in chat -1003757376633. Retry in 4 seconds.
Original description: Too Many Requests: retry after 4
(background on this error at: https://core.telegram.org/bots/faq#my-bot-is-hitting-limits-how-do-i-avoid-this)
2026-03-22 11:46:07,795 - telegram - ERROR - worldboss attack error: Telegram server says - Flood control exceeded on method 'SendMessage' in chat -1003757376633. Retry in 13 seconds.
Original description: Too Many Requests: retry after 13
(background on this error at: https://core.telegram.org/bots/faq#my-bot-is-hitting-limits-how-do-i-avoid-this)
2026-03-22 16:59:51,810 - adapters.aiogram.legacy_bridge - ERROR - legacy_command_bridge_failed cmd=xian_give_low error=AttributeError
Traceback (most recent call last):
  File "/root/xiuxian_bot/adapters/aiogram/legacy_bridge.py", line 512, in bridge_command_handler
    await handler(update, context)
  File "/root/xiuxian_bot/adapters/telegram/bot.py", line 7380, in xian_give_low_cmd
    await _admin_give_currency_cmd(update, context, tier="low")
  File "/root/xiuxian_bot/adapters/telegram/bot.py", line 7327, in _admin_give_currency_cmd
    target_user = get_user_by_id(target_uid)
  File "/root/xiuxian_bot/core/database/connection.py", line 1603, in get_user_by_id
    return fetch_one("SELECT * FROM users WHERE user_id = %s", (user_id,))
  File "/root/xiuxian_bot/core/database/connection.py", line 198, in fetch_one
    conn = get_sqlite()
  File "/root/xiuxian_bot/core/database/connection.py", line 129, in get_sqlite
    conn = _pool.getconn()
           ^^^^^^^^^^^^^
AttributeError: 'NoneType' object has no attribute 'getconn'
