2026-03-21 09:45:44,754 - core - ERROR - Core server error: cannot import name 'execute_query' from 'core.database.connection' (/root/xiuxian_bot/core/database/connection.py)
2026-03-21 09:45:44,754 - core - ERROR - Core server failed to bind: cannot import name 'execute_query' from 'core.database.connection' (/root/xiuxian_bot/core/database/connection.py)
2026-03-21 10:06:45,589 - core - ERROR - Failed to initialise core components: 
Traceback (most recent call last):
  File "/root/xiuxian_bot/core/server.py", line 118, in initialize_core_components
    connect_sqlite()
    ~~~~~~~~~~~~~~^^
  File "/root/xiuxian_bot/core/database/connection.py", line 101, in connect_sqlite
    _pool = psycopg2.pool.ThreadedConnectionPool(min_conn, max_conn, dsn)
  File "/root/xiuxian_bot/.venv/lib/python3.13/site-packages/psycopg2/pool.py", line 161, in __init__
    AbstractConnectionPool.__init__(
    ~~~~~~~~~~~~~~~~~~~~~~~~~~~~~~~^
        self, minconn, maxconn, *args, **kwargs)
        ^^^^^^^^^^^^^^^^^^^^^^^^^^^^^^^^^^^^^^^^
  File "/root/xiuxian_bot/.venv/lib/python3.13/site-packages/psycopg2/pool.py", line 59, in __init__
    self._connect()
    ~~~~~~~~~~~~~^^
  File "/root/xiuxian_bot/.venv/lib/python3.13/site-packages/psycopg2/pool.py", line 63, in _connect
    conn = psycopg2.connect(*self._args, **self._kwargs)
  File "/root/xiuxian_bot/.venv/lib/python3.13/site-packages/psycopg2/__init__.py", line 122, in connect
    conn = _connect(dsn, connection_factory=connection_factory, **kwasync)
psycopg2.OperationalError
2026-03-21 10:06:45,591 - core - CRITICAL - Aborting: cannot start on a broken schema or missing components.
2026-03-21 10:20:40,922 - core - ERROR - Unhandled core exception path=/api/travel method=POST
Traceback (most recent call last):
  File "/root/xiuxian_bot/.venv/lib/python3.13/site-packages/flask/app.py", line 917, in full_dispatch_request
    rv = self.dispatch_request()
  File "/root/xiuxian_bot/.venv/lib/python3.13/site-packages/flask/app.py", line 902, in dispatch_request
    return self.ensure_sync(self.view_functions[rule.endpoint])(**view_args)  # type: ignore[no-any-return]
           ~~~~~~~~~~~~~~~~~~~~~~~~~~~~~~~~~~~~~~~~~~~~~~~~~~~~^^^^^^^^^^^^^
  File "/root/xiuxian_bot/core/routes/travel.py", line 86, in travel
    cur = conn.cursor()
          ^^^^^^^^^^^
  File "/root/xiuxian_bot/core/database/connection.py", line 88, in __getattr__
    return getattr(self._cursor, item)
AttributeError: 'DictCursor' object has no attribute 'cursor'
2026-03-21 10:23:04,126 - AlchemyService - ERROR - brew_pill unexpected error user_id=1000009 recipe_id=recipe_breakthrough request_id=769215d5-c1c4-4979-8149-967566f41f83
Traceback (most recent call last):
  File "/root/xiuxian_bot/core/services/alchemy_service.py", line 259, in brew_pill
    _deduct_material(cur, user_id, mat["item_id"], int(mat.get("quantity", 0) or 0))
    ~~~~~~~~~~~~~~~~^^^^^^^^^^^^^^^^^^^^^^^^^^^^^^^^^^^^^^^^^^^^^^^^^^^^^^^^^^^^^^^^
  File "/root/xiuxian_bot/core/services/alchemy_service.py", line 146, in _deduct_material
    ).fetchall()
      ^^^^^^^^
AttributeError: 'NoneType' object has no attribute 'fetchall'
2026-03-21 10:30:10,710 - core.forge - ERROR - forge unexpected error user_id=1000009 mode=normal request_id=15472271-1d3c-4c55-acd7-da0278c7c725
Traceback (most recent call last):
  File "/root/xiuxian_bot/core/services/forge_service.py", line 342, in forge
    _deduct_material(cur, user_id, mat_id, mat_need)
    ~~~~~~~~~~~~~~~~^^^^^^^^^^^^^^^^^^^^^^^^^^^^^^^^
  File "/root/xiuxian_bot/core/services/forge_service.py", line 202, in _deduct_material
    ).fetchall()
      ^^^^^^^^
AttributeError: 'NoneType' object has no attribute 'fetchall'
2026-03-21 10:30:19,256 - core.forge - ERROR - forge unexpected error user_id=1000009 mode=normal request_id=d5b7f751-0b22-48ac-aaa7-121f88795605
Traceback (most recent call last):
  File "/root/xiuxian_bot/core/services/forge_service.py", line 342, in forge
    _deduct_material(cur, user_id, mat_id, mat_need)
    ~~~~~~~~~~~~~~~~^^^^^^^^^^^^^^^^^^^^^^^^^^^^^^^^
  File "/root/xiuxian_bot/core/services/forge_service.py", line 202, in _deduct_material
    ).fetchall()
      ^^^^^^^^
AttributeError: 'NoneType' object has no attribute 'fetchall'
2026-03-21 11:06:10,572 - core - ERROR - Unhandled core exception path=/api/travel method=POST
Traceback (most recent call last):
  File "/root/xiuxian_bot/.venv/lib/python3.13/site-packages/flask/app.py", line 917, in full_dispatch_request
    rv = self.dispatch_request()
  File "/root/xiuxian_bot/.venv/lib/python3.13/site-packages/flask/app.py", line 902, in dispatch_request
    return self.ensure_sync(self.view_functions[rule.endpoint])(**view_args)  # type: ignore[no-any-return]
           ~~~~~~~~~~~~~~~~~~~~~~~~~~~~~~~~~~~~~~~~~~~~~~~~~~~~^^^^^^^^^^^^^
  File "/root/xiuxian_bot/core/routes/travel.py", line 86, in travel
    cur.execute(
    ~~~~~~~~~~~^
        "UPDATE users SET current_map = %s, stamina = stamina - %s WHERE user_id = %s",
        ^^^^^^^^^^^^^^^^^^^^^^^^^^^^^^^^^^^^^^^^^^^^^^^^^^^^^^^^^^^^^^^^^^^^^^^^^^^^^^^
        (to_map_id, cost["stamina_cost"], user_id)
        ^^^^^^^^^^^^^^^^^^^^^^^^^^^^^^^^^^^^^^^^^^
    )
    ^
  File "/root/xiuxian_bot/core/database/connection.py", line 82, in execute
    return self._cursor.execute(_normalize_query_placeholders(query), params)
           ~~~~~~~~~~~~~~~~~~~~^^^^^^^^^^^^^^^^^^^^^^^^^^^^^^^^^^^^^^^^^^^^^^
  File "/root/xiuxian_bot/.venv/lib/python3.13/site-packages/psycopg2/extras.py", line 146, in execute
    return super().execute(query, vars)
           ~~~~~~~~~~~~~~~^^^^^^^^^^^^^
psycopg2.errors.UndefinedColumn: column "current_map" of relation "users" does not exist
LINE 1: UPDATE users SET current_map = 'east_forest', stamina = stam...
                         ^

2026-03-21 11:06:49,041 - core - ERROR - Unhandled core exception path=/api/travel method=POST
Traceback (most recent call last):
  File "/root/xiuxian_bot/.venv/lib/python3.13/site-packages/flask/app.py", line 917, in full_dispatch_request
    rv = self.dispatch_request()
  File "/root/xiuxian_bot/.venv/lib/python3.13/site-packages/flask/app.py", line 902, in dispatch_request
    return self.ensure_sync(self.view_functions[rule.endpoint])(**view_args)  # type: ignore[no-any-return]
           ~~~~~~~~~~~~~~~~~~~~~~~~~~~~~~~~~~~~~~~~~~~~~~~~~~~~^^^^^^^^^^^^^
  File "/root/xiuxian_bot/core/routes/travel.py", line 86, in travel
    cur.execute(
    ~~~~~~~~~~~^
        "UPDATE users SET current_map = %s, stamina = stamina - %s WHERE user_id = %s",
        ^^^^^^^^^^^^^^^^^^^^^^^^^^^^^^^^^^^^^^^^^^^^^^^^^^^^^^^^^^^^^^^^^^^^^^^^^^^^^^^
        (to_map_id, cost["stamina_cost"], user_id)
        ^^^^^^^^^^^^^^^^^^^^^^^^^^^^^^^^^^^^^^^^^^
    )
    ^
  File "/root/xiuxian_bot/core/database/connection.py", line 82, in execute
    return self._cursor.execute(_normalize_query_placeholders(query), params)
           ~~~~~~~~~~~~~~~~~~~~^^^^^^^^^^^^^^^^^^^^^^^^^^^^^^^^^^^^^^^^^^^^^^
  File "/root/xiuxian_bot/.venv/lib/python3.13/site-packages/psycopg2/extras.py", line 146, in execute
    return super().execute(query, vars)
           ~~~~~~~~~~~~~~~^^^^^^^^^^^^^
psycopg2.errors.UndefinedColumn: column "current_map" of relation "users" does not exist
LINE 1: UPDATE users SET current_map = 'north_mountain', stamina = s...
                         ^

2026-03-21 11:24:15,478 - core - ERROR - Core server error: No module named 'yaml'
2026-03-21 11:24:15,478 - core - ERROR - Core server failed to bind: No module named 'yaml'
2026-03-21 11:24:47,114 - core - ERROR - Failed to initialise core components: 
Traceback (most recent call last):
  File "/root/xiuxian_bot/core/server.py", line 118, in initialize_core_components
    connect_sqlite()
    ~~~~~~~~~~~~~~^^
  File "/root/xiuxian_bot/core/database/connection.py", line 101, in connect_sqlite
    _pool = psycopg2.pool.ThreadedConnectionPool(min_conn, max_conn, dsn)
  File "/root/xiuxian_bot/.venv/lib/python3.13/site-packages/psycopg2/pool.py", line 161, in __init__
    AbstractConnectionPool.__init__(
    ~~~~~~~~~~~~~~~~~~~~~~~~~~~~~~~^
        self, minconn, maxconn, *args, **kwargs)
        ^^^^^^^^^^^^^^^^^^^^^^^^^^^^^^^^^^^^^^^^
  File "/root/xiuxian_bot/.venv/lib/python3.13/site-packages/psycopg2/pool.py", line 59, in __init__
    self._connect()
    ~~~~~~~~~~~~~^^
  File "/root/xiuxian_bot/.venv/lib/python3.13/site-packages/psycopg2/pool.py", line 63, in _connect
    conn = psycopg2.connect(*self._args, **self._kwargs)
  File "/root/xiuxian_bot/.venv/lib/python3.13/site-packages/psycopg2/__init__.py", line 122, in connect
    conn = _connect(dsn, connection_factory=connection_factory, **kwasync)
psycopg2.OperationalError
2026-03-21 11:24:47,116 - core - CRITICAL - Aborting: cannot start on a broken schema or missing components.
2026-03-21 11:25:34,624 - core - CRITICAL - Uncaught exception
Traceback (most recent call last):
  File "<string>", line 1, in <module>
    import traceback; from core.server import create_app; print('creating'); create_app(); print('ok')
                                                                             ~~~~~~~~~~^^
  File "/root/xiuxian_bot/core/server.py", line 97, in create_app
    register_blueprints(app)
    ~~~~~~~~~~~~~~~~~~~^^^^^
  File "/root/xiuxian_bot/core/routes/__init__.py", line 8, in register_blueprints
    from core.routes.user import user_bp
  File "/root/xiuxian_bot/core/routes/user.py", line 15, in <module>
    from core.services.story_service import get_story_status, track_story_action
  File "/root/xiuxian_bot/core/services/story_service.py", line 16, in <module>
    from core.game.story_volumes import (
    ...<3 lines>...
    )
  File "/root/xiuxian_bot/core/game/story_volumes.py", line 15, in <module>
    import yaml
ModuleNotFoundError: No module named 'yaml'
2026-03-21 11:43:52,686 - core - ERROR - Unhandled core exception path=/api/sect/daily_claim method=POST
Traceback (most recent call last):
  File "/root/xiuxian_bot/.venv/lib/python3.13/site-packages/flask/app.py", line 917, in full_dispatch_request
    rv = self.dispatch_request()
  File "/root/xiuxian_bot/.venv/lib/python3.13/site-packages/flask/app.py", line 902, in dispatch_request
    return self.ensure_sync(self.view_functions[rule.endpoint])(**view_args)  # type: ignore[no-any-return]
           ~~~~~~~~~~~~~~~~~~~~~~~~~~~~~~~~~~~~~~~~~~~~~~~~~~~~^^^^^^^^^^^^^
  File "/root/xiuxian_bot/core/routes/sect.py", line 331, in sect_daily_claim
    member = fetch_one(
        "SELECT sect_id, role, daily_claimed FROM sect_members WHERE player_id = %s",
        (user_id,)
    )
  File "/root/xiuxian_bot/core/database/connection.py", line 200, in fetch_one
    cur.execute(_normalize_query_placeholders(query), params)
    ~~~~~~~~~~~^^^^^^^^^^^^^^^^^^^^^^^^^^^^^^^^^^^^^^^^^^^^^^
  File "/root/xiuxian_bot/.venv/lib/python3.13/site-packages/psycopg2/extras.py", line 236, in execute
    return super().execute(query, vars)
           ~~~~~~~~~~~~~~~^^^^^^^^^^^^^
psycopg2.errors.UndefinedColumn: column "daily_claimed" does not exist
LINE 1: SELECT sect_id, role, daily_claimed FROM sect_members WHERE ...
                              ^

2026-03-21 15:29:44,260 - core - ERROR - Unhandled core exception path=/api/travel/map/1000001 method=GET
Traceback (most recent call last):
  File "/root/xiuxian_bot/.venv/lib/python3.13/site-packages/flask/app.py", line 917, in full_dispatch_request
    rv = self.dispatch_request()
  File "/root/xiuxian_bot/.venv/lib/python3.13/site-packages/flask/app.py", line 902, in dispatch_request
    return self.ensure_sync(self.view_functions[rule.endpoint])(**view_args)  # type: ignore[no-any-return]
           ~~~~~~~~~~~~~~~~~~~~~~~~~~~~~~~~~~~~~~~~~~~~~~~~~~~~^^^^^^^^^^^^^
  File "/root/xiuxian_bot/core/routes/travel.py", line 125, in travel_map
    user = fetch_one(
        "SELECT user_id, current_map, rank, stamina, dao_heng, dao_ni, dao_yan, visited_maps FROM users WHERE user_id = %s",
        (user_id,),
    )
  File "/root/xiuxian_bot/core/database/connection.py", line 200, in fetch_one
    cur.execute(_normalize_query_placeholders(query), params)
    ~~~~~~~~~~~^^^^^^^^^^^^^^^^^^^^^^^^^^^^^^^^^^^^^^^^^^^^^^
  File "/root/xiuxian_bot/.venv/lib/python3.13/site-packages/psycopg2/extras.py", line 236, in execute
    return super().execute(query, vars)
           ~~~~~~~~~~~~~~~^^^^^^^^^^^^^
psycopg2.errors.UndefinedColumn: column "dao_heng" does not exist
LINE 1: SELECT user_id, current_map, rank, stamina, dao_heng, dao_ni...
                                                    ^

2026-03-22 11:43:23,551 - core - ERROR - Unhandled core exception path=/api/events/claim method=POST
Traceback (most recent call last):
  File "/root/xiuxian_bot/.venv/lib/python3.13/site-packages/flask/app.py", line 917, in full_dispatch_request
    rv = self.dispatch_request()
  File "/root/xiuxian_bot/.venv/lib/python3.13/site-packages/flask/app.py", line 902, in dispatch_request
    return self.ensure_sync(self.view_functions[rule.endpoint])(**view_args)  # type: ignore[no-any-return]
           ~~~~~~~~~~~~~~~~~~~~~~~~~~~~~~~~~~~~~~~~~~~~~~~~~~~~^^^^^^^^^^^^^
  File "/root/xiuxian_bot/core/routes/events.py", line 51, in events_claim
    resp, http_status = claim_event_reward(user_id, event_id)
                        ~~~~~~~~~~~~~~~~~~^^^^^^^^^^^^^^^^^^^
  File "/root/xiuxian_bot/core/services/events_service.py", line 325, in claim_event_reward
    cur.execute(
    ~~~~~~~~~~~^
        "INSERT INTO event_claims (user_id, event_id, last_claim, claims) VALUES (%s, %s, %s, 1)",
        ^^^^^^^^^^^^^^^^^^^^^^^^^^^^^^^^^^^^^^^^^^^^^^^^^^^^^^^^^^^^^^^^^^^^^^^^^^^^^^^^^^^^^^^^^^
        (user_id, event_id, now),
        ^^^^^^^^^^^^^^^^^^^^^^^^^
    )
    ^
  File "/root/xiuxian_bot/core/database/connection.py", line 82, in execute
    return self._cursor.execute(_normalize_query_placeholders(query), params)
           ~~~~~~~~~~~~~~~~~~~~^^^^^^^^^^^^^^^^^^^^^^^^^^^^^^^^^^^^^^^^^^^^^^
  File "/root/xiuxian_bot/.venv/lib/python3.13/site-packages/psycopg2/extras.py", line 146, in execute
    return super().execute(query, vars)
           ~~~~~~~~~~~~~~~^^^^^^^^^^^^^
psycopg2.errors.UniqueViolation: duplicate key value violates unique constraint "event_claims_user_id_event_id_key"
DETAIL:  Key (user_id, event_id)=(1000008, moon_market) already exists.

